<?xml version="1.0" encoding="UTF-8"?>
<!-- Generated by org.testng.reporters.JUnitReportReporter -->
<testsuite skipped="0" hostname="DESKTOP-S4HJIK7" name="reversePrograms.LargestPalInGivenArray" tests="1" failures="0" timestamp="30 Mar 2022 10:14:34 GMT" time="0.010" errors="0">
  <testcase name="largestPal" time="0.010" classname="reversePrograms.LargestPalInGivenArray"/>
</testsuite> <!-- reversePrograms.LargestPalInGivenArray -->
